<?xml version="1.0" encoding="UTF-8"?>
<!-- Generated by org.testng.reporters.JUnitXMLReporter -->
<testsuite ignored="0" hostname="My_Dell" failures="0" tests="4" name="Regression Testing" time="17.878" errors="0" timestamp="2023-11-12T17:12:09 EST">
  <testcase classname="testLayer.LoginTest" name="Title" time="0.014"/>
  <testcase classname="testLayer.LoginTest" name="Login" time="3.178"/>
  <testcase classname="testLayer.LoginTest" name="Login" time="3.153"/>
  <testcase classname="testLayer.LoginTest" name="Login" time="3.127"/>
</testsuite> <!-- Regression Testing -->
