<?xml version="1.0" encoding="UTF-8"?>
<!-- Generated by org.testng.reporters.JUnitXMLReporter -->
<testsuite ignored="0" hostname="My_Dell" failures="0" tests="4" name="TestNG" time="17.403" errors="0" timestamp="2023-11-12T17:19:58 EST">
  <testcase classname="testLayer.LoginTest" name="Title" time="0.02"/>
  <testcase classname="testLayer.LoginTest" name="Login" time="3.151"/>
  <testcase classname="testLayer.LoginTest" name="Login" time="3.138"/>
  <testcase classname="testLayer.LoginTest" name="Login" time="3.151"/>
</testsuite> <!-- TestNG -->
