<?xml version="1.0" encoding="UTF-8"?>
<!-- Generated by org.testng.reporters.JUnitXMLReporter -->
<testsuite ignored="0" hostname="My_Dell" failures="0" tests="4" name="Default test" time="17.843" errors="0" timestamp="2023-11-12T17:01:29 EST">
  <testcase classname="testLayer.LoginTest" name="Title" time="0.014"/>
  <testcase classname="testLayer.LoginTest" name="Login" time="3.145"/>
  <testcase classname="testLayer.LoginTest" name="Login" time="3.159"/>
  <testcase classname="testLayer.LoginTest" name="Login" time="3.16"/>
</testsuite> <!-- Default test -->
