<?xml version="1.0" encoding="UTF-8"?>
<testng-results ignored="0" total="4" passed="4" failed="0" skipped="0">
  <reporter-output>
  </reporter-output>
  <suite started-at="2023-11-12T17:19:40 EST" name="SwagLabs" finished-at="2023-11-12T17:19:58 EST" duration-ms="17403">
    <groups>
    </groups>
    <test started-at="2023-11-12T17:19:40 EST" name="TestNG" finished-at="2023-11-12T17:19:58 EST" duration-ms="17403">
      <class name="testLayer.LoginTest">
        <test-method is-config="true" signature="initsetup()[pri:0, instance:testLayer.LoginTest@7e07db1f]" started-at="2023-11-12T17:19:41 EST" name="initsetup" finished-at="2023-11-12T17:19:43 EST" duration-ms="2163" status="PASS">
          <reporter-output>
          </reporter-output>
        </test-method> <!-- initsetup -->
        <test-method signature="Title()[pri:1, instance:testLayer.LoginTest@7e07db1f]" started-at="2023-11-12T17:19:43 EST" name="Title" finished-at="2023-11-12T17:19:43 EST" duration-ms="20" status="PASS">
          <reporter-output>
          </reporter-output>
        </test-method> <!-- Title -->
        <test-method is-config="true" signature="close()[pri:0, instance:testLayer.LoginTest@7e07db1f]" started-at="2023-11-12T17:19:43 EST" name="close" finished-at="2023-11-12T17:19:43 EST" duration-ms="171" status="PASS">
          <reporter-output>
          </reporter-output>
        </test-method> <!-- close -->
        <test-method is-config="true" signature="initsetup()[pri:0, instance:testLayer.LoginTest@7e07db1f]" started-at="2023-11-12T17:19:43 EST" name="initsetup" finished-at="2023-11-12T17:19:45 EST" duration-ms="1472" status="PASS">
          <reporter-output>
          </reporter-output>
        </test-method> <!-- initsetup -->
        <test-method signature="Login(java.lang.String,java.lang.String)[pri:2, instance:testLayer.LoginTest@7e07db1f]" started-at="2023-11-12T17:19:45 EST" name="Login" data-provider="Details" finished-at="2023-11-12T17:19:48 EST" duration-ms="3151" status="PASS">
          <params>
            <param index="0">
              <value>
                <![CDATA[standard_user]]>
              </value>
            </param>
            <param index="1">
              <value>
                <![CDATA[secret_sauce]]>
              </value>
            </param>
          </params>
          <reporter-output>
          </reporter-output>
        </test-method> <!-- Login -->
        <test-method is-config="true" signature="close()[pri:0, instance:testLayer.LoginTest@7e07db1f]" started-at="2023-11-12T17:19:48 EST" name="close" finished-at="2023-11-12T17:19:48 EST" duration-ms="187" status="PASS">
          <reporter-output>
          </reporter-output>
        </test-method> <!-- close -->
        <test-method is-config="true" signature="initsetup()[pri:0, instance:testLayer.LoginTest@7e07db1f]" started-at="2023-11-12T17:19:48 EST" name="initsetup" finished-at="2023-11-12T17:19:50 EST" duration-ms="1526" status="PASS">
          <reporter-output>
          </reporter-output>
        </test-method> <!-- initsetup -->
        <test-method signature="Login(java.lang.String,java.lang.String)[pri:2, instance:testLayer.LoginTest@7e07db1f]" started-at="2023-11-12T17:19:50 EST" name="Login" data-provider="Details" finished-at="2023-11-12T17:19:53 EST" duration-ms="3138" status="PASS">
          <params>
            <param index="0">
              <value>
                <![CDATA[Admin]]>
              </value>
            </param>
            <param index="1">
              <value>
                <![CDATA[abcd]]>
              </value>
            </param>
          </params>
          <reporter-output>
          </reporter-output>
        </test-method> <!-- Login -->
        <test-method is-config="true" signature="close()[pri:0, instance:testLayer.LoginTest@7e07db1f]" started-at="2023-11-12T17:19:53 EST" name="close" finished-at="2023-11-12T17:19:53 EST" duration-ms="229" status="PASS">
          <reporter-output>
          </reporter-output>
        </test-method> <!-- close -->
        <test-method is-config="true" signature="initsetup()[pri:0, instance:testLayer.LoginTest@7e07db1f]" started-at="2023-11-12T17:19:53 EST" name="initsetup" finished-at="2023-11-12T17:19:55 EST" duration-ms="1569" status="PASS">
          <reporter-output>
          </reporter-output>
        </test-method> <!-- initsetup -->
        <test-method signature="Login(java.lang.String,java.lang.String)[pri:2, instance:testLayer.LoginTest@7e07db1f]" started-at="2023-11-12T17:19:55 EST" name="Login" data-provider="Details" finished-at="2023-11-12T17:19:58 EST" duration-ms="3151" status="PASS">
          <params>
            <param index="0">
              <value>
                <![CDATA[scott]]>
              </value>
            </param>
            <param index="1">
              <value>
                <![CDATA[xyz]]>
              </value>
            </param>
          </params>
          <reporter-output>
          </reporter-output>
        </test-method> <!-- Login -->
        <test-method is-config="true" signature="close()[pri:0, instance:testLayer.LoginTest@7e07db1f]" started-at="2023-11-12T17:19:58 EST" name="close" finished-at="2023-11-12T17:19:58 EST" duration-ms="147" status="PASS">
          <reporter-output>
          </reporter-output>
        </test-method> <!-- close -->
      </class> <!-- testLayer.LoginTest -->
    </test> <!-- TestNG -->
  </suite> <!-- SwagLabs -->
</testng-results>
